2025-01-27 16:46:03,297 - root - INFO - User Manju4 authenticated successfully.
2025-01-27 16:48:10,192 - root - INFO - Database 'buup' already exists.
2025-01-27 16:48:10,195 - root - INFO - No roles found for this Org.
2025-01-27 16:49:03,765 - root - ERROR - Error while creating Role: 'spaceId'
2025-01-27 16:52:25,665 - root - INFO - User Manju4 authenticated successfully.
2025-01-27 16:52:30,215 - root - INFO - Database 'buup' already exists.
2025-01-27 16:52:30,259 - root - INFO - Role test created successfully
2025-01-27 16:52:44,158 - root - ERROR - Error while creating Role: 'spaceId'
2025-01-27 16:53:51,812 - root - INFO - Database 'buup' already exists.
2025-01-27 16:53:51,815 - root - INFO - No roles found for this Org.
2025-01-27 16:54:07,656 - root - INFO - Database 'buup' already exists.
2025-01-27 16:55:43,962 - root - ERROR - Error while creating Role: 'spaceId'
2025-01-27 16:56:14,906 - root - INFO - Database 'buup' already exists.
2025-01-27 19:32:28,414 - root - INFO - User Manju4 authenticated successfully.
2025-01-27 19:37:07,301 - root - INFO - User Manju4 authenticated successfully.
2025-01-27 19:39:02,902 - root - INFO - User Manju4 authenticated successfully.
2025-01-27 19:40:19,534 - root - INFO - User Manju4 authenticated successfully.
2025-01-27 19:41:36,356 - root - INFO - Database 'buup' already exists.
2025-01-27 19:43:03,048 - root - INFO - Database 'buup' already exists.
2025-01-27 19:53:25,001 - root - INFO - User Manju4 authenticated successfully.
2025-01-27 19:57:04,122 - root - INFO - Database 'buup' already exists.
2025-01-28 10:30:47,386 - root - ERROR - Error while checking user credentials: 172.10.10.88:27017: timed out (configured timeouts: socketTimeoutMS: 20000.0ms, connectTimeoutMS: 20000.0ms), Timeout: 30s, Topology Description: <TopologyDescription id: 67986460c5f8f5babd855048, topology_type: Unknown, servers: [<ServerDescription ('172.10.10.88', 27017) server_type: Unknown, rtt: None, error=NetworkTimeout('172.10.10.88:27017: timed out (configured timeouts: socketTimeoutMS: 20000.0ms, connectTimeoutMS: 20000.0ms)')>]>
2025-01-28 10:31:56,844 - root - INFO - User Manju4 authenticated successfully.
2025-01-28 10:32:38,044 - ApplicationManagment.tasks - ERROR - Error in getTasksForRole: 'ApplicationDataBase' object has no attribute 'checkOrgId'
2025-01-28 10:41:28,623 - root - INFO - User Manju4 authenticated successfully.
2025-01-28 11:01:37,073 - root - INFO - User Manju4 authenticated successfully.
2025-01-28 11:04:19,720 - root - INFO - User Manju4 authenticated successfully.
2025-01-28 11:08:24,451 - root - INFO - User Manju4 authenticated successfully.
2025-01-28 11:11:11,596 - root - INFO - User Manju4 authenticated successfully.
2025-01-28 11:13:02,115 - root - INFO - Database 'buup' already exists.
2025-01-28 11:52:46,025 - root - INFO - User not found.
2025-01-28 11:52:58,325 - root - INFO - User Manju4 authenticated successfully.
2025-01-28 11:59:12,718 - root - INFO - Database 'buup' already exists.
2025-01-28 11:59:57,198 - root - INFO - Database 'buup' already exists.
2025-01-28 12:02:11,115 - root - INFO - Database 'buup' already exists.
2025-01-28 12:02:17,630 - root - INFO - Database 'buup' already exists.
2025-01-28 13:36:27,071 - root - INFO - User Manju4 authenticated successfully.
2025-01-28 13:36:29,959 - root - INFO - Database 'buup' already exists.
2025-01-28 15:27:26,027 - root - INFO - User Manju4 authenticated successfully.
2025-01-28 15:30:14,107 - root - INFO - Database 'buup' already exists.
2025-01-28 15:30:14,111 - ApplicationManagment.tasks - ERROR - Error in getAgents: cannot unpack non-iterable NoneType object
2025-01-28 15:38:43,622 - root - INFO - User Manju4 authenticated successfully.
2025-01-28 15:40:37,061 - root - INFO - User Manju4 authenticated successfully.
2025-01-28 15:41:51,676 - root - INFO - User Manju4 authenticated successfully.
2025-01-28 15:41:58,453 - root - INFO - Database 'buup' already exists.
2025-01-28 15:46:04,586 - root - INFO - User Manju4 authenticated successfully.
2025-01-28 15:46:10,014 - root - INFO - Database 'buup' already exists.
2025-01-28 15:48:00,910 - root - INFO - User Manju4 authenticated successfully.
2025-01-28 15:48:04,216 - root - INFO - Database 'buup' already exists.
2025-01-28 15:49:17,510 - root - INFO - Database 'buup' already exists.
2025-01-28 15:49:17,514 - ApplicationManagment.tasks - ERROR - Error in getAgents: cannot unpack non-iterable NoneType object
2025-01-28 15:56:35,957 - root - INFO - User Manju4 authenticated successfully.
2025-01-28 15:56:46,099 - root - INFO - Database 'buup' already exists.
2025-01-28 15:56:51,649 - root - INFO - Database 'buup' already exists.
2025-01-28 15:56:51,653 - root - ERROR - Error while fetching agents: 'agentName'
2025-01-28 15:59:55,525 - root - INFO - User Manju4 authenticated successfully.
2025-01-28 16:00:03,314 - root - INFO - Database 'buup' already exists.
2025-01-28 16:00:07,414 - root - INFO - Database 'buup' already exists.
2025-01-28 17:11:26,638 - root - INFO - User Manju4 authenticated successfully.
2025-01-28 17:11:35,739 - root - INFO - Database 'buup' already exists.
2025-01-28 17:29:58,363 - root - INFO - Database 'buup' already exists.
2025-01-28 17:30:10,295 - root - INFO - Database 'buup' already exists.
2025-01-28 17:30:22,723 - root - INFO - Database 'buup' already exists.
2025-01-28 17:32:32,556 - root - INFO - Database 'buup' already exists.
2025-01-28 17:38:01,318 - root - INFO - Database 'buup' already exists.
2025-01-28 17:38:11,800 - root - INFO - Database 'buup' already exists.
2025-01-28 18:05:25,344 - root - INFO - User Manju4 authenticated successfully.
2025-01-28 18:05:30,109 - root - INFO - Database 'buup' already exists.
2025-01-28 18:14:39,271 - root - INFO - Creating new database 'xgtm'.
2025-01-28 18:16:03,952 - root - INFO - Database 'buup' already exists.
2025-01-28 18:16:15,458 - root - INFO - Database 'buup' already exists.
2025-01-28 19:20:40,986 - root - INFO - User Manju4 authenticated successfully.
2025-01-28 19:20:46,086 - root - INFO - Database 'buup' already exists.
2025-01-28 19:20:50,360 - root - INFO - Database 'buup' already exists.
2025-01-29 09:32:54,158 - root - INFO - User mani4 authenticated successfully.
2025-01-29 09:36:04,158 - root - INFO - User mani4 authenticated successfully.
2025-01-29 09:38:56,596 - root - INFO - User mani4 authenticated successfully.
2025-01-29 10:23:33,450 - root - INFO - User Manju4 authenticated successfully.
2025-01-29 10:23:34,776 - root - INFO - Database 'buup' already exists.
2025-01-29 10:23:34,787 - root - INFO - Database 'buup' already exists.
2025-01-29 12:07:36,304 - root - INFO - Invalid Credentials: Incorrect password.
2025-01-29 12:08:44,329 - root - INFO - Invalid Credentials: Incorrect password.
2025-01-29 12:09:07,209 - root - INFO - User Manju4 authenticated successfully.
2025-01-29 12:09:24,479 - root - ERROR - Error while retrieving spaces: cannot access local variable 'spaceIds' where it is not associated with a value
2025-01-29 12:10:54,981 - root - INFO - User Manju4 authenticated successfully.
2025-01-29 12:11:07,094 - root - ERROR - Error while retrieving spaces: cannot access local variable 'spaceIds' where it is not associated with a value
2025-01-29 12:12:43,885 - root - INFO - User Manju4 authenticated successfully.
2025-01-29 12:12:46,325 - root - INFO - Database 'buup' already exists.
2025-01-29 12:12:46,338 - root - INFO - roles not found.
2025-01-29 12:12:46,350 - root - INFO - Database 'buup' already exists.
2025-01-29 12:12:46,356 - root - ERROR - Error while retrieving spaces: '_id'
2025-01-29 12:15:46,989 - root - INFO - User Manju4 authenticated successfully.
2025-01-29 12:15:49,860 - root - INFO - Database 'buup' already exists.
2025-01-29 12:15:49,867 - root - INFO - roles not found.
2025-01-29 12:15:49,888 - root - INFO - Database 'buup' already exists.
2025-01-29 12:15:49,895 - root - ERROR - Error while retrieving spaces: '_id'
2025-01-29 12:23:22,315 - root - INFO - User Manju4 authenticated successfully.
2025-01-29 12:24:01,306 - root - INFO - Database 'buup' already exists.
2025-01-29 12:24:01,318 - root - INFO - roles not found.
2025-01-29 12:24:01,369 - root - INFO - Database 'buup' already exists.
2025-01-29 12:24:01,380 - root - ERROR - Error while retrieving spaces: '_id'
2025-01-29 12:26:13,782 - root - INFO - User Manju4 authenticated successfully.
2025-01-29 12:26:17,635 - root - INFO - Database 'buup' already exists.
2025-01-29 12:26:17,642 - root - INFO - roles not found.
2025-01-29 12:26:17,671 - root - INFO - Database 'buup' already exists.
